Copyright 1986-2016 Xilinx, Inc. All Rights Reserved.
---------------------------------------------------------------------------------------------------
| Tool Version      : Vivado v.2016.4 (lin64) Build 1756540 Mon Jan 23 19:11:19 MST 2017
| Date              : Thu May 25 16:26:30 2017
| Host              : ispc2016 running 64-bit Ubuntu 14.04.5 LTS
| Command           : report_clock_utilization -file design_1_wrapper_clock_utilization_routed.rpt
| Design            : design_1_wrapper
| Device            : 7a35ti-csg324
| Speed File        : -1L  PRODUCTION 1.16 2016-11-09
| Temperature Grade : I
---------------------------------------------------------------------------------------------------

Clock Utilization Report

Table of Contents
-----------------
1. Clock Primitive Utilization
2. Global Clock Resources
3. Global Clock Source Details
4. Clock Regions: Key Resource Utilization
5. Clock Regions : Global Clock Summary
6. Cell Type Counts per Global Clock: Region X0Y0
7. Cell Type Counts per Global Clock: Region X1Y0
8. Cell Type Counts per Global Clock: Region X1Y1
9. Load Cell Placement Summary for Global Clock g0
10. Load Cell Placement Summary for Global Clock g1

1. Clock Primitive Utilization
------------------------------

+----------+------+-----------+-----+--------------+--------+
| Type     | Used | Available | LOC | Clock Region | Pblock |
+----------+------+-----------+-----+--------------+--------+
| BUFGCTRL |    2 |        32 |   0 |            0 |      0 |
| BUFH     |    0 |        72 |   0 |            0 |      0 |
| BUFIO    |    0 |        20 |   0 |            0 |      0 |
| BUFMR    |    0 |        10 |   0 |            0 |      0 |
| BUFR     |    0 |        20 |   0 |            0 |      0 |
| MMCM     |    1 |         5 |   0 |            0 |      0 |
| PLL      |    0 |         5 |   0 |            0 |      0 |
+----------+------+-----------+-----+--------------+--------+


2. Global Clock Resources
-------------------------

+-----------+-----------+-----------------+------------+----------------+--------------+------+-------------------+-------------------+-------------+-----------------+--------------+-------------------------------+-----------------------------------------+-------------------------------------------------------------+
| Global Id | Source Id | Driver Type/Pin | Constraint | Site           | Clock Region | Root | Clock Delay Group | Load Clock Region | Clock Loads | Non-Clock Loads | Clock Period | Clock                         | Driver Pin                              | Net                                                         |
+-----------+-----------+-----------------+------------+----------------+--------------+------+-------------------+-------------------+-------------+-----------------+--------------+-------------------------------+-----------------------------------------+-------------------------------------------------------------+
| g0        | src0      | BUFG/O          | None       | BUFGCTRL_X0Y16 | n/a          |      |                   |                 2 |         640 |               0 |       10.000 | clk_out1_design_1_clk_wiz_0_0 | design_1_i/clk_wiz_0/inst/clkout1_buf/O | design_1_i/clk_wiz_0/inst/clk_out1                          |
| g1        | src0      | BUFG/O          | None       | BUFGCTRL_X0Y17 | n/a          |      |                   |                 1 |           1 |               0 |       10.000 | clkfbout_design_1_clk_wiz_0_0 | design_1_i/clk_wiz_0/inst/clkf_buf/O    | design_1_i/clk_wiz_0/inst/clkfbout_buf_design_1_clk_wiz_0_0 |
+-----------+-----------+-----------------+------------+----------------+--------------+------+-------------------+-------------------+-------------+-----------------+--------------+-------------------------------+-----------------------------------------+-------------------------------------------------------------+
* Clock Loads column represents the clock pin loads (pin count)
** Non-Clock Loads column represents the non-clock pin loads (pin count)


3. Global Clock Source Details
------------------------------

+-----------+-----------+---------------------+------------+-----------------+--------------+-------------+-----------------+---------------------+-------------------------------+--------------------------------------------------+---------------------------------------------------------+
| Source Id | Global Id | Driver Type/Pin     | Constraint | Site            | Clock Region | Clock Loads | Non-Clock Loads | Source Clock Period | Source Clock                  | Driver Pin                                       | Net                                                     |
+-----------+-----------+---------------------+------------+-----------------+--------------+-------------+-----------------+---------------------+-------------------------------+--------------------------------------------------+---------------------------------------------------------+
| src0      | g0        | MMCME2_ADV/CLKOUT0  | None       | MMCME2_ADV_X1Y1 | X1Y1         |           1 |               0 |              10.000 | clk_out1_design_1_clk_wiz_0_0 | design_1_i/clk_wiz_0/inst/mmcm_adv_inst/CLKOUT0  | design_1_i/clk_wiz_0/inst/clk_out1_design_1_clk_wiz_0_0 |
| src0      | g1        | MMCME2_ADV/CLKFBOUT | None       | MMCME2_ADV_X1Y1 | X1Y1         |           1 |               0 |              10.000 | clkfbout_design_1_clk_wiz_0_0 | design_1_i/clk_wiz_0/inst/mmcm_adv_inst/CLKFBOUT | design_1_i/clk_wiz_0/inst/clkfbout_design_1_clk_wiz_0_0 |
+-----------+-----------+---------------------+------------+-----------------+--------------+-------------+-----------------+---------------------+-------------------------------+--------------------------------------------------+---------------------------------------------------------+
* Clock Loads column represents the clock pin loads (pin count)
** Non-Clock Loads column represents the non-clock pin loads (pin count)


4. Clock Regions: Key Resource Utilization
------------------------------------------

+-------------------+--------------+--------------+--------------+--------------+--------------+--------------+--------------+--------------+--------------+--------------+--------------+--------------+--------------+--------------+--------------+
|                   | Global Clock |     BUFRs    |    BUFMRs    |    BUFIOs    |     MMCM     |      PLL     |      GT      |      PCI     |    ILOGIC    |    OLOGIC    |      FF      |     LUTM     |    RAMB18    |    RAMB36    |    DSP48E2   |
+-------------------+------+-------+------+-------+------+-------+------+-------+------+-------+------+-------+------+-------+------+-------+------+-------+------+-------+------+-------+------+-------+------+-------+------+-------+------+-------+
| Clock Region Name | Used | Avail | Used | Avail | Used | Avail | Used | Avail | Used | Avail | Used | Avail | Used | Avail | Used | Avail | Used | Avail | Used | Avail | Used | Avail | Used | Avail | Used | Avail | Used | Avail | Used | Avail |
+-------------------+------+-------+------+-------+------+-------+------+-------+------+-------+------+-------+------+-------+------+-------+------+-------+------+-------+------+-------+------+-------+------+-------+------+-------+------+-------+
| X0Y0              |    1 |    12 |    0 |     4 |    0 |     2 |    0 |     4 |    0 |     1 |    0 |     1 |    0 |     0 |    0 |     0 |    0 |    50 |    0 |    50 |   16 |  1200 |   32 |   400 |    0 |    20 |    0 |    10 |    0 |    20 |
| X1Y0              |    1 |    12 |    0 |     4 |    0 |     2 |    0 |     4 |    0 |     1 |    0 |     1 |    0 |     0 |    0 |     0 |    0 |    50 |    0 |    50 |  464 |  1500 |  330 |   450 |    0 |    40 |    0 |    20 |    0 |    20 |
| X0Y1              |    0 |    12 |    0 |     4 |    0 |     2 |    0 |     4 |    0 |     1 |    0 |     1 |    0 |     0 |    0 |     0 |    0 |    50 |    0 |    50 |    0 |  1200 |    0 |   400 |    0 |    20 |    0 |    10 |    0 |    20 |
| X1Y1              |    1 |    12 |    0 |     4 |    0 |     2 |    0 |     4 |    1 |     1 |    0 |     1 |    0 |     0 |    0 |     0 |    0 |    50 |    0 |    50 |    0 |  1500 |    0 |   450 |    0 |    40 |    0 |    20 |    0 |    20 |
| X0Y2              |    0 |    12 |    0 |     4 |    0 |     2 |    0 |     4 |    0 |     1 |    0 |     1 |    0 |     0 |    0 |     0 |    0 |    50 |    0 |    50 |    0 |  1800 |    0 |   400 |    0 |    20 |    0 |    10 |    0 |    20 |
| X1Y2              |    0 |    12 |    0 |     0 |    0 |     0 |    0 |     0 |    0 |     0 |    0 |     0 |    0 |     4 |    0 |     1 |    0 |     0 |    0 |     0 |    0 |   950 |    0 |   300 |    0 |    10 |    0 |     5 |    0 |    20 |
+-------------------+------+-------+------+-------+------+-------+------+-------+------+-------+------+-------+------+-------+------+-------+------+-------+------+-------+------+-------+------+-------+------+-------+------+-------+------+-------+
* Global Clock column represents track count; while other columns represents cell counts


5. Clock Regions : Global Clock Summary
---------------------------------------

+----+----+----+
|    | X0 | X1 |
+----+----+----+
| Y2 |  0 |  0 |
| Y1 |  0 |  1 |
| Y0 |  1 |  1 |
+----+----+----+


6. Cell Type Counts per Global Clock: Region X0Y0
-------------------------------------------------

+-----------+-------+-----------------+------------+-------------+-----------------+----+--------+------+-----+----+------+-----+---------+------------------------------------+
| Global Id | Track | Driver Type/Pin | Constraint | Clock Loads | Non-Clock Loads | FF | LUTRAM | RAMB | DSP | GT | MMCM | PLL | Hard IP | Net                                |
+-----------+-------+-----------------+------------+-------------+-----------------+----+--------+------+-----+----+------+-----+---------+------------------------------------+
| g0        | n/a   | BUFG/O          | None       |          32 |               0 | 16 |     16 |    0 |   0 |  0 |    0 |   0 |       0 | design_1_i/clk_wiz_0/inst/clk_out1 |
+-----------+-------+-----------------+------------+-------------+-----------------+----+--------+------+-----+----+------+-----+---------+------------------------------------+
* Clock Loads column represents the clock pin loads (pin count)
** Non-Clock Loads column represents the non-clock pin loads (pin count)
*** Columns FF, LUTRAM, RAMB through 'Hard IP' represents load cell counts


7. Cell Type Counts per Global Clock: Region X1Y0
-------------------------------------------------

+-----------+-------+-----------------+------------+-------------+-----------------+-----+--------+------+-----+----+------+-----+---------+------------------------------------+
| Global Id | Track | Driver Type/Pin | Constraint | Clock Loads | Non-Clock Loads | FF  | LUTRAM | RAMB | DSP | GT | MMCM | PLL | Hard IP | Net                                |
+-----------+-------+-----------------+------------+-------------+-----------------+-----+--------+------+-----+----+------+-----+---------+------------------------------------+
| g0        | n/a   | BUFG/O          | None       |         608 |               0 | 464 |    144 |    0 |   0 |  0 |    0 |   0 |       0 | design_1_i/clk_wiz_0/inst/clk_out1 |
+-----------+-------+-----------------+------------+-------------+-----------------+-----+--------+------+-----+----+------+-----+---------+------------------------------------+
* Clock Loads column represents the clock pin loads (pin count)
** Non-Clock Loads column represents the non-clock pin loads (pin count)
*** Columns FF, LUTRAM, RAMB through 'Hard IP' represents load cell counts


8. Cell Type Counts per Global Clock: Region X1Y1
-------------------------------------------------

+-----------+-------+-----------------+------------+-------------+-----------------+----+--------+------+-----+----+------+-----+---------+-------------------------------------------------------------+
| Global Id | Track | Driver Type/Pin | Constraint | Clock Loads | Non-Clock Loads | FF | LUTRAM | RAMB | DSP | GT | MMCM | PLL | Hard IP | Net                                                         |
+-----------+-------+-----------------+------------+-------------+-----------------+----+--------+------+-----+----+------+-----+---------+-------------------------------------------------------------+
| g1        | n/a   | BUFG/O          | None       |           1 |               0 |  0 |      0 |    0 |   0 |  0 |    1 |   0 |       0 | design_1_i/clk_wiz_0/inst/clkfbout_buf_design_1_clk_wiz_0_0 |
+-----------+-------+-----------------+------------+-------------+-----------------+----+--------+------+-----+----+------+-----+---------+-------------------------------------------------------------+
* Clock Loads column represents the clock pin loads (pin count)
** Non-Clock Loads column represents the non-clock pin loads (pin count)
*** Columns FF, LUTRAM, RAMB through 'Hard IP' represents load cell counts


9. Load Cell Placement Summary for Global Clock g0
--------------------------------------------------

+-----------+-----------------+-------------------+-------------------------------+-------------+---------------+----------+-------------+----------+----------------+----------+------------------------------------+
| Global Id | Driver Type/Pin | Driver Region (D) | Clock                         | Period (ns) | Waveform (ns) | Root (R) | Slice Loads | IO Loads | Clocking Loads | GT Loads | Net                                |
+-----------+-----------------+-------------------+-------------------------------+-------------+---------------+----------+-------------+----------+----------------+----------+------------------------------------+
| g0        | BUFG/O          | n/a               | clk_out1_design_1_clk_wiz_0_0 |      10.000 | {0.000 5.000} |          |         640 |        0 |              0 |        0 | design_1_i/clk_wiz_0/inst/clk_out1 |
+-----------+-----------------+-------------------+-------------------------------+-------------+---------------+----------+-------------+----------+----------------+----------+------------------------------------+
* Slice Loads column represents load cell count of all cell types other than IO, GT and clock resources
** IO Loads column represents load cell count of IO types
*** Clocking Loads column represents load cell count that are clock resources (global clock buffer, MMCM, PLL, etc)
**** GT Loads column represents load cell count of GT types


+----+-----+------+
|    | X0  | X1   |
+----+-----+------+
| Y2 |   0 |    0 |
| Y1 |   0 |    0 |
| Y0 |  32 |  608 |
+----+-----+------+


10. Load Cell Placement Summary for Global Clock g1
---------------------------------------------------

+-----------+-----------------+-------------------+-------------------------------+-------------+---------------+----------+-------------+----------+----------------+----------+-------------------------------------------------------------+
| Global Id | Driver Type/Pin | Driver Region (D) | Clock                         | Period (ns) | Waveform (ns) | Root (R) | Slice Loads | IO Loads | Clocking Loads | GT Loads | Net                                                         |
+-----------+-----------------+-------------------+-------------------------------+-------------+---------------+----------+-------------+----------+----------------+----------+-------------------------------------------------------------+
| g1        | BUFG/O          | n/a               | clkfbout_design_1_clk_wiz_0_0 |      10.000 | {0.000 5.000} |          |           0 |        0 |              1 |        0 | design_1_i/clk_wiz_0/inst/clkfbout_buf_design_1_clk_wiz_0_0 |
+-----------+-----------------+-------------------+-------------------------------+-------------+---------------+----------+-------------+----------+----------------+----------+-------------------------------------------------------------+
* Slice Loads column represents load cell count of all cell types other than IO, GT and clock resources
** IO Loads column represents load cell count of IO types
*** Clocking Loads column represents load cell count that are clock resources (global clock buffer, MMCM, PLL, etc)
**** GT Loads column represents load cell count of GT types


+----+----+----+
|    | X0 | X1 |
+----+----+----+
| Y2 |  0 |  0 |
| Y1 |  0 |  1 |
| Y0 |  0 |  0 |
+----+----+----+



# Location of BUFG Primitives 
set_property LOC BUFGCTRL_X0Y17 [get_cells design_1_i/clk_wiz_0/inst/clkf_buf]
set_property LOC BUFGCTRL_X0Y16 [get_cells design_1_i/clk_wiz_0/inst/clkout1_buf]

# Location of IO Primitives which is load of clock spine

# Location of clock ports
set_property LOC IOB_X1Y76 [get_ports sys_clock]

# Clock net "design_1_i/clk_wiz_0/inst/clk_out1" driven by instance "design_1_i/clk_wiz_0/inst/clkout1_buf" located at site "BUFGCTRL_X0Y16"
#startgroup
create_pblock {CLKAG_design_1_i/clk_wiz_0/inst/clk_out1}
add_cells_to_pblock [get_pblocks  {CLKAG_design_1_i/clk_wiz_0/inst/clk_out1}] [get_cells -filter { PRIMITIVE_GROUP != I/O && IS_PRIMITIVE==1 && PRIMITIVE_LEVEL !=INTERNAL } -of_object [get_pins -filter {DIRECTION==IN} -of_objects [get_nets -hierarchical -filter {PARENT=="design_1_i/clk_wiz_0/inst/clk_out1"}]]]
resize_pblock [get_pblocks {CLKAG_design_1_i/clk_wiz_0/inst/clk_out1}] -add {CLOCKREGION_X0Y0:CLOCKREGION_X0Y0 CLOCKREGION_X1Y0:CLOCKREGION_X1Y0}
#endgroup
